2025-11-24 20:00:47,059 [INFO] ✅ Connected to MySQL database: rdmotorsdb
2025-11-24 20:00:47,383 [INFO] 🚀 Bot started successfully!
2025-11-24 20:00:47,527 [INFO] HTTP Request: POST https://api.telegram.org/bot7805771710:AAEh9ochNt2PdQ7RJDHs9xPDF54au7-DdPA/getMe "HTTP/1.1 200 OK"
2025-11-24 20:00:47,567 [INFO] HTTP Request: POST https://api.telegram.org/bot7805771710:AAEh9ochNt2PdQ7RJDHs9xPDF54au7-DdPA/deleteWebhook "HTTP/1.1 200 OK"
2025-11-24 20:00:47,569 [INFO] Application started
2025-11-24 20:00:47,703 [INFO] HTTP Request: POST https://api.telegram.org/bot7805771710:AAEh9ochNt2PdQ7RJDHs9xPDF54au7-DdPA/getUpdates "HTTP/1.1 200 OK"
2025-11-24 20:00:47,732 [ERROR] ❌ Error saving bot user: (pymysql.err.DataError) (1264, "Out of range value for column 'user_id' at row 1")
[SQL: INSERT INTO bot_users (user_id, username, first_name, is_manager, created_at) VALUES (%(user_id)s, %(username)s, %(first_name)s, %(is_manager)s, %(created_at)s)]
[parameters: {'user_id': 6853644463, 'username': 'pupsiksex2010', 'first_name': '123', 'is_manager': 0, 'created_at': datetime.datetime(2025, 11, 24, 20, 0, 47, 730509)}]
(Background on this error at: https://sqlalche.me/e/20/9h9h)
2025-11-24 20:00:47,946 [INFO] HTTP Request: POST https://api.telegram.org/bot7805771710:AAEh9ochNt2PdQ7RJDHs9xPDF54au7-DdPA/sendMessage "HTTP/1.1 200 OK"
2025-11-24 20:00:56,282 [INFO] HTTP Request: POST https://api.telegram.org/bot7805771710:AAEh9ochNt2PdQ7RJDHs9xPDF54au7-DdPA/getUpdates "HTTP/1.1 200 OK"
2025-11-24 20:00:56,288 [ERROR] ❌ Error saving bot user: (pymysql.err.DataError) (1264, "Out of range value for column 'user_id' at row 1")
[SQL: INSERT INTO bot_users (user_id, username, first_name, is_manager, created_at) VALUES (%(user_id)s, %(username)s, %(first_name)s, %(is_manager)s, %(created_at)s)]
[parameters: {'user_id': 6853644463, 'username': 'pupsiksex2010', 'first_name': '123', 'is_manager': 0, 'created_at': datetime.datetime(2025, 11, 24, 20, 0, 56, 287407)}]
(Background on this error at: https://sqlalche.me/e/20/9h9h)
2025-11-24 20:00:56,444 [INFO] HTTP Request: POST https://api.telegram.org/bot7805771710:AAEh9ochNt2PdQ7RJDHs9xPDF54au7-DdPA/sendMessage "HTTP/1.1 200 OK"
2025-11-24 20:00:57,342 [INFO] HTTP Request: POST https://api.telegram.org/bot7805771710:AAEh9ochNt2PdQ7RJDHs9xPDF54au7-DdPA/getUpdates "HTTP/1.1 200 OK"
2025-11-24 20:00:57,350 [ERROR] ❌ Error saving bot user: (pymysql.err.DataError) (1264, "Out of range value for column 'user_id' at row 1")
[SQL: INSERT INTO bot_users (user_id, username, first_name, is_manager, created_at) VALUES (%(user_id)s, %(username)s, %(first_name)s, %(is_manager)s, %(created_at)s)]
[parameters: {'user_id': 6853644463, 'username': 'pupsiksex2010', 'first_name': '123', 'is_manager': 0, 'created_at': datetime.datetime(2025, 11, 24, 20, 0, 57, 348969)}]
(Background on this error at: https://sqlalche.me/e/20/9h9h)
2025-11-24 20:00:57,412 [INFO] HTTP Request: POST https://api.telegram.org/bot7805771710:AAEh9ochNt2PdQ7RJDHs9xPDF54au7-DdPA/sendMessage "HTTP/1.1 200 OK"
2025-11-24 20:01:01,136 [INFO] HTTP Request: POST https://api.telegram.org/bot7805771710:AAEh9ochNt2PdQ7RJDHs9xPDF54au7-DdPA/getUpdates "HTTP/1.1 200 OK"
2025-11-24 20:01:01,146 [ERROR] ❌ Error saving bot user: (pymysql.err.DataError) (1264, "Out of range value for column 'user_id' at row 1")
[SQL: INSERT INTO bot_users (user_id, username, first_name, is_manager, created_at) VALUES (%(user_id)s, %(username)s, %(first_name)s, %(is_manager)s, %(created_at)s)]
[parameters: {'user_id': 6853644463, 'username': 'pupsiksex2010', 'first_name': '123', 'is_manager': 0, 'created_at': datetime.datetime(2025, 11, 24, 20, 1, 1, 145244)}]
(Background on this error at: https://sqlalche.me/e/20/9h9h)
2025-11-24 20:01:01,418 [INFO] HTTP Request: POST https://api.telegram.org/bot7805771710:AAEh9ochNt2PdQ7RJDHs9xPDF54au7-DdPA/sendPhoto "HTTP/1.1 200 OK"
2025-11-24 20:01:01,421 [ERROR] Не вдалося надіслати фото available_cars/sonata2021.jpg: [Errno 2] No such file or directory: 'available_cars/sonata2021.jpg'
2025-11-24 20:01:01,421 [ERROR] Не вдалося надіслати фото available_cars/sonata2016.jpg: [Errno 2] No such file or directory: 'available_cars/sonata2016.jpg'
2025-11-24 20:01:08,949 [INFO] HTTP Request: POST https://api.telegram.org/bot7805771710:AAEh9ochNt2PdQ7RJDHs9xPDF54au7-DdPA/getUpdates "HTTP/1.1 200 OK"
2025-11-24 20:01:08,952 [INFO] Application is stopping. This might take a moment.
2025-11-24 20:01:08,953 [INFO] Application.stop() complete
2025-11-24 20:03:09,556 [INFO] ✅ Connected to MySQL database: rdmotorsdb
2025-11-24 20:03:09,835 [INFO] 🚀 Bot started successfully!
2025-11-24 20:03:09,972 [INFO] HTTP Request: POST https://api.telegram.org/bot7805771710:AAEh9ochNt2PdQ7RJDHs9xPDF54au7-DdPA/getMe "HTTP/1.1 200 OK"
2025-11-24 20:03:10,011 [INFO] HTTP Request: POST https://api.telegram.org/bot7805771710:AAEh9ochNt2PdQ7RJDHs9xPDF54au7-DdPA/deleteWebhook "HTTP/1.1 200 OK"
2025-11-24 20:03:10,015 [INFO] Application started
2025-11-24 20:03:11,228 [INFO] HTTP Request: POST https://api.telegram.org/bot7805771710:AAEh9ochNt2PdQ7RJDHs9xPDF54au7-DdPA/getUpdates "HTTP/1.1 200 OK"
2025-11-24 20:03:11,248 [ERROR] ❌ Error saving bot user: (pymysql.err.DataError) (1264, "Out of range value for column 'user_id' at row 1")
[SQL: INSERT INTO bot_users (user_id, username, first_name, is_manager, created_at) VALUES (%(user_id)s, %(username)s, %(first_name)s, %(is_manager)s, %(created_at)s)]
[parameters: {'user_id': 6853644463, 'username': 'pupsiksex2010', 'first_name': '123', 'is_manager': 0, 'created_at': datetime.datetime(2025, 11, 24, 20, 3, 11, 244995)}]
(Background on this error at: https://sqlalche.me/e/20/9h9h)
2025-11-24 20:03:11,337 [INFO] HTTP Request: POST https://api.telegram.org/bot7805771710:AAEh9ochNt2PdQ7RJDHs9xPDF54au7-DdPA/sendMessage "HTTP/1.1 200 OK"
2025-11-24 20:03:19,899 [INFO] HTTP Request: POST https://api.telegram.org/bot7805771710:AAEh9ochNt2PdQ7RJDHs9xPDF54au7-DdPA/getUpdates "HTTP/1.1 200 OK"
2025-11-24 20:03:19,905 [ERROR] ❌ Error saving bot user: (pymysql.err.DataError) (1264, "Out of range value for column 'user_id' at row 1")
[SQL: INSERT INTO bot_users (user_id, username, first_name, is_manager, created_at) VALUES (%(user_id)s, %(username)s, %(first_name)s, %(is_manager)s, %(created_at)s)]
[parameters: {'user_id': 6853644463, 'username': 'pupsiksex2010', 'first_name': '123', 'is_manager': 0, 'created_at': datetime.datetime(2025, 11, 24, 20, 3, 19, 904818)}]
(Background on this error at: https://sqlalche.me/e/20/9h9h)
2025-11-24 20:03:20,122 [INFO] HTTP Request: POST https://api.telegram.org/bot7805771710:AAEh9ochNt2PdQ7RJDHs9xPDF54au7-DdPA/sendMessage "HTTP/1.1 200 OK"
2025-11-24 20:03:20,993 [INFO] HTTP Request: POST https://api.telegram.org/bot7805771710:AAEh9ochNt2PdQ7RJDHs9xPDF54au7-DdPA/getUpdates "HTTP/1.1 200 OK"
2025-11-24 20:03:20,999 [ERROR] ❌ Error saving bot user: (pymysql.err.DataError) (1264, "Out of range value for column 'user_id' at row 1")
[SQL: INSERT INTO bot_users (user_id, username, first_name, is_manager, created_at) VALUES (%(user_id)s, %(username)s, %(first_name)s, %(is_manager)s, %(created_at)s)]
[parameters: {'user_id': 6853644463, 'username': 'pupsiksex2010', 'first_name': '123', 'is_manager': 0, 'created_at': datetime.datetime(2025, 11, 24, 20, 3, 20, 998735)}]
(Background on this error at: https://sqlalche.me/e/20/9h9h)
2025-11-24 20:03:21,065 [INFO] HTTP Request: POST https://api.telegram.org/bot7805771710:AAEh9ochNt2PdQ7RJDHs9xPDF54au7-DdPA/sendMessage "HTTP/1.1 200 OK"
2025-11-24 20:03:23,004 [INFO] HTTP Request: POST https://api.telegram.org/bot7805771710:AAEh9ochNt2PdQ7RJDHs9xPDF54au7-DdPA/getUpdates "HTTP/1.1 200 OK"
2025-11-24 20:03:23,011 [ERROR] ❌ Error saving bot user: (pymysql.err.DataError) (1264, "Out of range value for column 'user_id' at row 1")
[SQL: INSERT INTO bot_users (user_id, username, first_name, is_manager, created_at) VALUES (%(user_id)s, %(username)s, %(first_name)s, %(is_manager)s, %(created_at)s)]
[parameters: {'user_id': 6853644463, 'username': 'pupsiksex2010', 'first_name': '123', 'is_manager': 0, 'created_at': datetime.datetime(2025, 11, 24, 20, 3, 23, 10442)}]
(Background on this error at: https://sqlalche.me/e/20/9h9h)
2025-11-24 20:03:23,083 [INFO] HTTP Request: POST https://api.telegram.org/bot7805771710:AAEh9ochNt2PdQ7RJDHs9xPDF54au7-DdPA/sendMessage "HTTP/1.1 200 OK"
2025-11-24 20:03:24,459 [INFO] HTTP Request: POST https://api.telegram.org/bot7805771710:AAEh9ochNt2PdQ7RJDHs9xPDF54au7-DdPA/getUpdates "HTTP/1.1 200 OK"
2025-11-24 20:03:24,465 [ERROR] ❌ Error saving bot user: (pymysql.err.DataError) (1264, "Out of range value for column 'user_id' at row 1")
[SQL: INSERT INTO bot_users (user_id, username, first_name, is_manager, created_at) VALUES (%(user_id)s, %(username)s, %(first_name)s, %(is_manager)s, %(created_at)s)]
[parameters: {'user_id': 6853644463, 'username': 'pupsiksex2010', 'first_name': '123', 'is_manager': 0, 'created_at': datetime.datetime(2025, 11, 24, 20, 3, 24, 464864)}]
(Background on this error at: https://sqlalche.me/e/20/9h9h)
2025-11-24 20:03:24,537 [INFO] HTTP Request: POST https://api.telegram.org/bot7805771710:AAEh9ochNt2PdQ7RJDHs9xPDF54au7-DdPA/sendMessage "HTTP/1.1 200 OK"
2025-11-24 20:03:27,185 [INFO] HTTP Request: POST https://api.telegram.org/bot7805771710:AAEh9ochNt2PdQ7RJDHs9xPDF54au7-DdPA/getUpdates "HTTP/1.1 200 OK"
2025-11-24 20:03:27,193 [ERROR] ❌ Error saving bot user: (pymysql.err.DataError) (1264, "Out of range value for column 'user_id' at row 1")
[SQL: INSERT INTO bot_users (user_id, username, first_name, is_manager, created_at) VALUES (%(user_id)s, %(username)s, %(first_name)s, %(is_manager)s, %(created_at)s)]
[parameters: {'user_id': 6853644463, 'username': 'pupsiksex2010', 'first_name': '123', 'is_manager': 0, 'created_at': datetime.datetime(2025, 11, 24, 20, 3, 27, 191581)}]
(Background on this error at: https://sqlalche.me/e/20/9h9h)
2025-11-24 20:03:27,379 [INFO] HTTP Request: POST https://api.telegram.org/bot7805771710:AAEh9ochNt2PdQ7RJDHs9xPDF54au7-DdPA/sendPhoto "HTTP/1.1 200 OK"
2025-11-24 20:03:27,381 [ERROR] Не вдалося надіслати фото available_cars/sonata2021.jpg: [Errno 2] No such file or directory: 'available_cars/sonata2021.jpg'
2025-11-24 20:03:27,382 [ERROR] Не вдалося надіслати фото available_cars/sonata2016.jpg: [Errno 2] No such file or directory: 'available_cars/sonata2016.jpg'
2025-11-24 20:03:35,529 [INFO] HTTP Request: POST https://api.telegram.org/bot7805771710:AAEh9ochNt2PdQ7RJDHs9xPDF54au7-DdPA/getUpdates "HTTP/1.1 200 OK"
2025-11-24 20:03:35,552 [ERROR] ❌ Error saving bot user: (pymysql.err.DataError) (1264, "Out of range value for column 'user_id' at row 1")
[SQL: INSERT INTO bot_users (user_id, username, first_name, is_manager, created_at) VALUES (%(user_id)s, %(username)s, %(first_name)s, %(is_manager)s, %(created_at)s)]
[parameters: {'user_id': 6853644463, 'username': 'pupsiksex2010', 'first_name': '123', 'is_manager': 0, 'created_at': datetime.datetime(2025, 11, 24, 20, 3, 35, 550499)}]
(Background on this error at: https://sqlalche.me/e/20/9h9h)
2025-11-24 20:03:35,736 [INFO] HTTP Request: POST https://api.telegram.org/bot7805771710:AAEh9ochNt2PdQ7RJDHs9xPDF54au7-DdPA/sendMessage "HTTP/1.1 200 OK"
2025-11-24 20:03:41,590 [INFO] HTTP Request: POST https://api.telegram.org/bot7805771710:AAEh9ochNt2PdQ7RJDHs9xPDF54au7-DdPA/getUpdates "HTTP/1.1 200 OK"
2025-11-24 20:03:41,602 [ERROR] ❌ Error saving bot user: (pymysql.err.DataError) (1264, "Out of range value for column 'user_id' at row 1")
[SQL: INSERT INTO bot_users (user_id, username, first_name, is_manager, created_at) VALUES (%(user_id)s, %(username)s, %(first_name)s, %(is_manager)s, %(created_at)s)]
[parameters: {'user_id': 6853644463, 'username': 'pupsiksex2010', 'first_name': '123', 'is_manager': 0, 'created_at': datetime.datetime(2025, 11, 24, 20, 3, 41, 600824)}]
(Background on this error at: https://sqlalche.me/e/20/9h9h)
2025-11-24 20:03:41,792 [INFO] HTTP Request: POST https://api.telegram.org/bot7805771710:AAEh9ochNt2PdQ7RJDHs9xPDF54au7-DdPA/sendMessage "HTTP/1.1 200 OK"
2025-11-24 20:03:51,646 [INFO] HTTP Request: POST https://api.telegram.org/bot7805771710:AAEh9ochNt2PdQ7RJDHs9xPDF54au7-DdPA/getUpdates "HTTP/1.1 200 OK"
2025-11-24 20:03:53,663 [INFO] HTTP Request: POST https://api.telegram.org/bot7805771710:AAEh9ochNt2PdQ7RJDHs9xPDF54au7-DdPA/getUpdates "HTTP/1.1 200 OK"
2025-11-24 20:03:53,674 [ERROR] ❌ Error saving bot user: (pymysql.err.DataError) (1264, "Out of range value for column 'user_id' at row 1")
[SQL: INSERT INTO bot_users (user_id, username, first_name, is_manager, created_at) VALUES (%(user_id)s, %(username)s, %(first_name)s, %(is_manager)s, %(created_at)s)]
[parameters: {'user_id': 6853644463, 'username': 'pupsiksex2010', 'first_name': '123', 'is_manager': 0, 'created_at': datetime.datetime(2025, 11, 24, 20, 3, 53, 672771)}]
(Background on this error at: https://sqlalche.me/e/20/9h9h)
2025-11-24 20:03:53,828 [INFO] HTTP Request: POST https://api.telegram.org/bot7805771710:AAEh9ochNt2PdQ7RJDHs9xPDF54au7-DdPA/sendMessage "HTTP/1.1 200 OK"
2025-11-24 20:04:03,969 [INFO] HTTP Request: POST https://api.telegram.org/bot7805771710:AAEh9ochNt2PdQ7RJDHs9xPDF54au7-DdPA/getUpdates "HTTP/1.1 200 OK"
2025-11-24 20:04:14,008 [INFO] HTTP Request: POST https://api.telegram.org/bot7805771710:AAEh9ochNt2PdQ7RJDHs9xPDF54au7-DdPA/getUpdates "HTTP/1.1 200 OK"
2025-11-24 20:04:24,049 [INFO] HTTP Request: POST https://api.telegram.org/bot7805771710:AAEh9ochNt2PdQ7RJDHs9xPDF54au7-DdPA/getUpdates "HTTP/1.1 200 OK"
2025-11-24 20:04:34,087 [INFO] HTTP Request: POST https://api.telegram.org/bot7805771710:AAEh9ochNt2PdQ7RJDHs9xPDF54au7-DdPA/getUpdates "HTTP/1.1 200 OK"
2025-11-24 20:04:44,127 [INFO] HTTP Request: POST https://api.telegram.org/bot7805771710:AAEh9ochNt2PdQ7RJDHs9xPDF54au7-DdPA/getUpdates "HTTP/1.1 200 OK"
2025-11-24 20:04:54,168 [INFO] HTTP Request: POST https://api.telegram.org/bot7805771710:AAEh9ochNt2PdQ7RJDHs9xPDF54au7-DdPA/getUpdates "HTTP/1.1 200 OK"
2025-11-24 20:05:04,207 [INFO] HTTP Request: POST https://api.telegram.org/bot7805771710:AAEh9ochNt2PdQ7RJDHs9xPDF54au7-DdPA/getUpdates "HTTP/1.1 200 OK"
2025-11-24 20:05:14,247 [INFO] HTTP Request: POST https://api.telegram.org/bot7805771710:AAEh9ochNt2PdQ7RJDHs9xPDF54au7-DdPA/getUpdates "HTTP/1.1 200 OK"
2025-11-24 20:05:24,286 [INFO] HTTP Request: POST https://api.telegram.org/bot7805771710:AAEh9ochNt2PdQ7RJDHs9xPDF54au7-DdPA/getUpdates "HTTP/1.1 200 OK"
2025-11-24 20:05:31,753 [INFO] HTTP Request: POST https://api.telegram.org/bot7805771710:AAEh9ochNt2PdQ7RJDHs9xPDF54au7-DdPA/getUpdates "HTTP/1.1 200 OK"
2025-11-24 20:05:31,763 [ERROR] ❌ Error saving bot user: (pymysql.err.DataError) (1264, "Out of range value for column 'user_id' at row 1")
[SQL: INSERT INTO bot_users (user_id, username, first_name, is_manager, created_at) VALUES (%(user_id)s, %(username)s, %(first_name)s, %(is_manager)s, %(created_at)s)]
[parameters: {'user_id': 6853644463, 'username': 'pupsiksex2010', 'first_name': '123', 'is_manager': 0, 'created_at': datetime.datetime(2025, 11, 24, 20, 5, 31, 761940)}]
(Background on this error at: https://sqlalche.me/e/20/9h9h)
2025-11-24 20:05:31,935 [INFO] HTTP Request: POST https://api.telegram.org/bot7805771710:AAEh9ochNt2PdQ7RJDHs9xPDF54au7-DdPA/sendMessage "HTTP/1.1 200 OK"
2025-11-24 20:05:41,818 [INFO] HTTP Request: POST https://api.telegram.org/bot7805771710:AAEh9ochNt2PdQ7RJDHs9xPDF54au7-DdPA/getUpdates "HTTP/1.1 200 OK"
2025-11-24 20:05:51,857 [INFO] HTTP Request: POST https://api.telegram.org/bot7805771710:AAEh9ochNt2PdQ7RJDHs9xPDF54au7-DdPA/getUpdates "HTTP/1.1 200 OK"
2025-11-24 20:06:01,903 [INFO] HTTP Request: POST https://api.telegram.org/bot7805771710:AAEh9ochNt2PdQ7RJDHs9xPDF54au7-DdPA/getUpdates "HTTP/1.1 200 OK"
2025-11-24 20:06:06,135 [INFO] HTTP Request: POST https://api.telegram.org/bot7805771710:AAEh9ochNt2PdQ7RJDHs9xPDF54au7-DdPA/getUpdates "HTTP/1.1 200 OK"
2025-11-24 20:06:06,136 [INFO] Application is stopping. This might take a moment.
2025-11-24 20:06:06,137 [INFO] Application.stop() complete
2025-11-24 20:17:20,734 [INFO] ✅ Connected to MySQL database: rdmotorsdb
2025-11-24 20:18:58,848 [INFO] ✅ Connected to MySQL database: rdmotorsdb
2025-11-24 20:21:16,641 [INFO] ✅ Connected to MySQL database: rdmotorsdb
2025-11-24 20:21:16,888 [INFO] 🚀 Bot started successfully!
2025-11-24 20:21:17,032 [INFO] HTTP Request: POST https://api.telegram.org/bot7805771710:AAEh9ochNt2PdQ7RJDHs9xPDF54au7-DdPA/getMe "HTTP/1.1 200 OK"
2025-11-24 20:21:17,070 [INFO] HTTP Request: POST https://api.telegram.org/bot7805771710:AAEh9ochNt2PdQ7RJDHs9xPDF54au7-DdPA/deleteWebhook "HTTP/1.1 200 OK"
2025-11-24 20:21:17,072 [INFO] Application started
2025-11-24 20:21:24,902 [INFO] HTTP Request: POST https://api.telegram.org/bot7805771710:AAEh9ochNt2PdQ7RJDHs9xPDF54au7-DdPA/getUpdates "HTTP/1.1 200 OK"
2025-11-24 20:21:24,919 [ERROR] ❌ Error saving bot user: (pymysql.err.DataError) (1264, "Out of range value for column 'user_id' at row 1")
[SQL: INSERT INTO bot_users (user_id, username, first_name, is_manager, created_at) VALUES (%(user_id)s, %(username)s, %(first_name)s, %(is_manager)s, %(created_at)s)]
[parameters: {'user_id': 6853644463, 'username': 'pupsiksex2010', 'first_name': '123', 'is_manager': 0, 'created_at': datetime.datetime(2025, 11, 24, 20, 21, 24, 915986)}]
(Background on this error at: https://sqlalche.me/e/20/9h9h)
2025-11-24 20:21:25,068 [INFO] HTTP Request: POST https://api.telegram.org/bot7805771710:AAEh9ochNt2PdQ7RJDHs9xPDF54au7-DdPA/sendMessage "HTTP/1.1 200 OK"
2025-11-24 20:21:26,900 [INFO] HTTP Request: POST https://api.telegram.org/bot7805771710:AAEh9ochNt2PdQ7RJDHs9xPDF54au7-DdPA/getUpdates "HTTP/1.1 200 OK"
2025-11-24 20:21:26,907 [ERROR] ❌ Error saving bot user: (pymysql.err.DataError) (1264, "Out of range value for column 'user_id' at row 1")
[SQL: INSERT INTO bot_users (user_id, username, first_name, is_manager, created_at) VALUES (%(user_id)s, %(username)s, %(first_name)s, %(is_manager)s, %(created_at)s)]
[parameters: {'user_id': 6853644463, 'username': 'pupsiksex2010', 'first_name': '123', 'is_manager': 0, 'created_at': datetime.datetime(2025, 11, 24, 20, 21, 26, 906445)}]
(Background on this error at: https://sqlalche.me/e/20/9h9h)
2025-11-24 20:21:26,909 [ERROR] Не вдалося надіслати фото available_cars/sonata2021.jpg: [Errno 2] No such file or directory: 'available_cars/sonata2021.jpg'
2025-11-24 20:21:30,584 [INFO] HTTP Request: POST https://api.telegram.org/bot7805771710:AAEh9ochNt2PdQ7RJDHs9xPDF54au7-DdPA/getUpdates "HTTP/1.1 200 OK"
2025-11-24 20:21:30,590 [ERROR] ❌ Error saving bot user: (pymysql.err.DataError) (1264, "Out of range value for column 'user_id' at row 1")
[SQL: INSERT INTO bot_users (user_id, username, first_name, is_manager, created_at) VALUES (%(user_id)s, %(username)s, %(first_name)s, %(is_manager)s, %(created_at)s)]
[parameters: {'user_id': 6853644463, 'username': 'pupsiksex2010', 'first_name': '123', 'is_manager': 0, 'created_at': datetime.datetime(2025, 11, 24, 20, 21, 30, 588766)}]
(Background on this error at: https://sqlalche.me/e/20/9h9h)
2025-11-24 20:21:30,840 [INFO] HTTP Request: POST https://api.telegram.org/bot7805771710:AAEh9ochNt2PdQ7RJDHs9xPDF54au7-DdPA/sendMessage "HTTP/1.1 200 OK"
2025-11-24 20:21:31,882 [INFO] HTTP Request: POST https://api.telegram.org/bot7805771710:AAEh9ochNt2PdQ7RJDHs9xPDF54au7-DdPA/getUpdates "HTTP/1.1 200 OK"
2025-11-24 20:21:31,888 [ERROR] ❌ Error saving bot user: (pymysql.err.DataError) (1264, "Out of range value for column 'user_id' at row 1")
[SQL: INSERT INTO bot_users (user_id, username, first_name, is_manager, created_at) VALUES (%(user_id)s, %(username)s, %(first_name)s, %(is_manager)s, %(created_at)s)]
[parameters: {'user_id': 6853644463, 'username': 'pupsiksex2010', 'first_name': '123', 'is_manager': 0, 'created_at': datetime.datetime(2025, 11, 24, 20, 21, 31, 887068)}]
(Background on this error at: https://sqlalche.me/e/20/9h9h)
2025-11-24 20:21:31,949 [INFO] HTTP Request: POST https://api.telegram.org/bot7805771710:AAEh9ochNt2PdQ7RJDHs9xPDF54au7-DdPA/sendMessage "HTTP/1.1 200 OK"
2025-11-24 20:21:32,864 [INFO] HTTP Request: POST https://api.telegram.org/bot7805771710:AAEh9ochNt2PdQ7RJDHs9xPDF54au7-DdPA/getUpdates "HTTP/1.1 200 OK"
2025-11-24 20:21:32,870 [ERROR] ❌ Error saving bot user: (pymysql.err.DataError) (1264, "Out of range value for column 'user_id' at row 1")
[SQL: INSERT INTO bot_users (user_id, username, first_name, is_manager, created_at) VALUES (%(user_id)s, %(username)s, %(first_name)s, %(is_manager)s, %(created_at)s)]
[parameters: {'user_id': 6853644463, 'username': 'pupsiksex2010', 'first_name': '123', 'is_manager': 0, 'created_at': datetime.datetime(2025, 11, 24, 20, 21, 32, 869780)}]
(Background on this error at: https://sqlalche.me/e/20/9h9h)
2025-11-24 20:21:32,935 [INFO] HTTP Request: POST https://api.telegram.org/bot7805771710:AAEh9ochNt2PdQ7RJDHs9xPDF54au7-DdPA/sendMessage "HTTP/1.1 200 OK"
2025-11-24 20:21:42,912 [INFO] HTTP Request: POST https://api.telegram.org/bot7805771710:AAEh9ochNt2PdQ7RJDHs9xPDF54au7-DdPA/getUpdates "HTTP/1.1 200 OK"
2025-11-24 20:21:52,954 [INFO] HTTP Request: POST https://api.telegram.org/bot7805771710:AAEh9ochNt2PdQ7RJDHs9xPDF54au7-DdPA/getUpdates "HTTP/1.1 200 OK"
2025-11-24 20:22:02,993 [INFO] HTTP Request: POST https://api.telegram.org/bot7805771710:AAEh9ochNt2PdQ7RJDHs9xPDF54au7-DdPA/getUpdates "HTTP/1.1 200 OK"
2025-11-24 20:22:13,033 [INFO] HTTP Request: POST https://api.telegram.org/bot7805771710:AAEh9ochNt2PdQ7RJDHs9xPDF54au7-DdPA/getUpdates "HTTP/1.1 200 OK"
2025-11-24 20:22:23,072 [INFO] HTTP Request: POST https://api.telegram.org/bot7805771710:AAEh9ochNt2PdQ7RJDHs9xPDF54au7-DdPA/getUpdates "HTTP/1.1 200 OK"
2025-11-24 20:22:33,111 [INFO] HTTP Request: POST https://api.telegram.org/bot7805771710:AAEh9ochNt2PdQ7RJDHs9xPDF54au7-DdPA/getUpdates "HTTP/1.1 200 OK"
2025-11-24 20:22:43,151 [INFO] HTTP Request: POST https://api.telegram.org/bot7805771710:AAEh9ochNt2PdQ7RJDHs9xPDF54au7-DdPA/getUpdates "HTTP/1.1 200 OK"
2025-11-24 20:22:53,193 [INFO] HTTP Request: POST https://api.telegram.org/bot7805771710:AAEh9ochNt2PdQ7RJDHs9xPDF54au7-DdPA/getUpdates "HTTP/1.1 200 OK"
2025-11-24 20:23:03,234 [INFO] HTTP Request: POST https://api.telegram.org/bot7805771710:AAEh9ochNt2PdQ7RJDHs9xPDF54au7-DdPA/getUpdates "HTTP/1.1 200 OK"
2025-11-24 20:23:13,272 [INFO] HTTP Request: POST https://api.telegram.org/bot7805771710:AAEh9ochNt2PdQ7RJDHs9xPDF54au7-DdPA/getUpdates "HTTP/1.1 200 OK"
2025-11-24 20:23:23,313 [INFO] HTTP Request: POST https://api.telegram.org/bot7805771710:AAEh9ochNt2PdQ7RJDHs9xPDF54au7-DdPA/getUpdates "HTTP/1.1 200 OK"
2025-11-24 20:23:33,353 [INFO] HTTP Request: POST https://api.telegram.org/bot7805771710:AAEh9ochNt2PdQ7RJDHs9xPDF54au7-DdPA/getUpdates "HTTP/1.1 200 OK"
2025-11-24 20:23:43,392 [INFO] HTTP Request: POST https://api.telegram.org/bot7805771710:AAEh9ochNt2PdQ7RJDHs9xPDF54au7-DdPA/getUpdates "HTTP/1.1 200 OK"
2025-11-24 20:23:53,434 [INFO] HTTP Request: POST https://api.telegram.org/bot7805771710:AAEh9ochNt2PdQ7RJDHs9xPDF54au7-DdPA/getUpdates "HTTP/1.1 200 OK"
2025-11-24 20:24:03,476 [INFO] HTTP Request: POST https://api.telegram.org/bot7805771710:AAEh9ochNt2PdQ7RJDHs9xPDF54au7-DdPA/getUpdates "HTTP/1.1 200 OK"
2025-11-24 20:24:13,517 [INFO] HTTP Request: POST https://api.telegram.org/bot7805771710:AAEh9ochNt2PdQ7RJDHs9xPDF54au7-DdPA/getUpdates "HTTP/1.1 200 OK"
2025-11-24 20:24:23,557 [INFO] HTTP Request: POST https://api.telegram.org/bot7805771710:AAEh9ochNt2PdQ7RJDHs9xPDF54au7-DdPA/getUpdates "HTTP/1.1 200 OK"
2025-11-24 20:24:33,598 [INFO] HTTP Request: POST https://api.telegram.org/bot7805771710:AAEh9ochNt2PdQ7RJDHs9xPDF54au7-DdPA/getUpdates "HTTP/1.1 200 OK"
2025-11-24 20:27:13,762 [INFO] ✅ Connected to MySQL database: rdmotorsdb
2025-11-24 20:27:14,012 [INFO] 🚀 Bot started successfully!
2025-11-24 20:27:14,283 [INFO] HTTP Request: POST https://api.telegram.org/bot7805771710:AAEh9ochNt2PdQ7RJDHs9xPDF54au7-DdPA/getMe "HTTP/1.1 200 OK"
2025-11-24 20:27:14,319 [INFO] HTTP Request: POST https://api.telegram.org/bot7805771710:AAEh9ochNt2PdQ7RJDHs9xPDF54au7-DdPA/deleteWebhook "HTTP/1.1 200 OK"
2025-11-24 20:27:14,322 [INFO] Application started
2025-11-24 20:27:18,660 [INFO] HTTP Request: POST https://api.telegram.org/bot7805771710:AAEh9ochNt2PdQ7RJDHs9xPDF54au7-DdPA/getUpdates "HTTP/1.1 200 OK"
2025-11-24 20:27:18,678 [ERROR] ❌ Error saving bot user: (pymysql.err.DataError) (1264, "Out of range value for column 'user_id' at row 1")
[SQL: INSERT INTO bot_users (user_id, username, first_name, is_manager, created_at) VALUES (%(user_id)s, %(username)s, %(first_name)s, %(is_manager)s, %(created_at)s)]
[parameters: {'user_id': 6853644463, 'username': 'pupsiksex2010', 'first_name': '123', 'is_manager': 0, 'created_at': datetime.datetime(2025, 11, 24, 20, 27, 18, 675260)}]
(Background on this error at: https://sqlalche.me/e/20/9h9h)
2025-11-24 20:27:18,859 [INFO] HTTP Request: POST https://api.telegram.org/bot7805771710:AAEh9ochNt2PdQ7RJDHs9xPDF54au7-DdPA/sendPhoto "HTTP/1.1 200 OK"
2025-11-24 20:27:28,727 [INFO] HTTP Request: POST https://api.telegram.org/bot7805771710:AAEh9ochNt2PdQ7RJDHs9xPDF54au7-DdPA/getUpdates "HTTP/1.1 200 OK"
2025-11-24 20:27:38,765 [INFO] HTTP Request: POST https://api.telegram.org/bot7805771710:AAEh9ochNt2PdQ7RJDHs9xPDF54au7-DdPA/getUpdates "HTTP/1.1 200 OK"
2025-11-24 20:27:48,804 [INFO] HTTP Request: POST https://api.telegram.org/bot7805771710:AAEh9ochNt2PdQ7RJDHs9xPDF54au7-DdPA/getUpdates "HTTP/1.1 200 OK"
2025-11-24 20:27:58,842 [INFO] HTTP Request: POST https://api.telegram.org/bot7805771710:AAEh9ochNt2PdQ7RJDHs9xPDF54au7-DdPA/getUpdates "HTTP/1.1 200 OK"
2025-11-24 20:28:08,880 [INFO] HTTP Request: POST https://api.telegram.org/bot7805771710:AAEh9ochNt2PdQ7RJDHs9xPDF54au7-DdPA/getUpdates "HTTP/1.1 200 OK"
2025-11-24 20:28:18,922 [INFO] HTTP Request: POST https://api.telegram.org/bot7805771710:AAEh9ochNt2PdQ7RJDHs9xPDF54au7-DdPA/getUpdates "HTTP/1.1 200 OK"
2025-11-24 20:28:28,964 [INFO] HTTP Request: POST https://api.telegram.org/bot7805771710:AAEh9ochNt2PdQ7RJDHs9xPDF54au7-DdPA/getUpdates "HTTP/1.1 200 OK"
2025-11-24 20:28:39,003 [INFO] HTTP Request: POST https://api.telegram.org/bot7805771710:AAEh9ochNt2PdQ7RJDHs9xPDF54au7-DdPA/getUpdates "HTTP/1.1 200 OK"
2025-11-24 20:28:49,044 [INFO] HTTP Request: POST https://api.telegram.org/bot7805771710:AAEh9ochNt2PdQ7RJDHs9xPDF54au7-DdPA/getUpdates "HTTP/1.1 200 OK"
2025-11-24 20:28:59,085 [INFO] HTTP Request: POST https://api.telegram.org/bot7805771710:AAEh9ochNt2PdQ7RJDHs9xPDF54au7-DdPA/getUpdates "HTTP/1.1 200 OK"
2025-11-24 20:29:09,127 [INFO] HTTP Request: POST https://api.telegram.org/bot7805771710:AAEh9ochNt2PdQ7RJDHs9xPDF54au7-DdPA/getUpdates "HTTP/1.1 200 OK"
2025-11-24 20:29:19,169 [INFO] HTTP Request: POST https://api.telegram.org/bot7805771710:AAEh9ochNt2PdQ7RJDHs9xPDF54au7-DdPA/getUpdates "HTTP/1.1 200 OK"
2025-11-24 20:29:29,210 [INFO] HTTP Request: POST https://api.telegram.org/bot7805771710:AAEh9ochNt2PdQ7RJDHs9xPDF54au7-DdPA/getUpdates "HTTP/1.1 200 OK"
2025-11-24 20:29:32,882 [INFO] HTTP Request: POST https://api.telegram.org/bot7805771710:AAEh9ochNt2PdQ7RJDHs9xPDF54au7-DdPA/getUpdates "HTTP/1.1 200 OK"
2025-11-24 20:29:32,884 [INFO] Application is stopping. This might take a moment.
2025-11-24 20:29:32,885 [INFO] Application.stop() complete
2025-11-24 20:29:37,106 [INFO] ✅ Connected to MySQL database: rdmotorsdb
2025-11-24 20:29:37,353 [INFO] 🚀 Bot started successfully!
2025-11-24 20:29:37,513 [INFO] HTTP Request: POST https://api.telegram.org/bot7805771710:AAEh9ochNt2PdQ7RJDHs9xPDF54au7-DdPA/getMe "HTTP/1.1 200 OK"
2025-11-24 20:29:37,553 [INFO] HTTP Request: POST https://api.telegram.org/bot7805771710:AAEh9ochNt2PdQ7RJDHs9xPDF54au7-DdPA/deleteWebhook "HTTP/1.1 200 OK"
2025-11-24 20:29:37,556 [INFO] Application started
2025-11-24 20:29:40,003 [INFO] HTTP Request: POST https://api.telegram.org/bot7805771710:AAEh9ochNt2PdQ7RJDHs9xPDF54au7-DdPA/getUpdates "HTTP/1.1 200 OK"
2025-11-24 20:29:40,101 [INFO] HTTP Request: POST https://api.telegram.org/bot7805771710:AAEh9ochNt2PdQ7RJDHs9xPDF54au7-DdPA/sendMessage "HTTP/1.1 200 OK"
2025-11-24 20:29:46,803 [INFO] HTTP Request: POST https://api.telegram.org/bot7805771710:AAEh9ochNt2PdQ7RJDHs9xPDF54au7-DdPA/getUpdates "HTTP/1.1 200 OK"
2025-11-24 20:29:46,970 [INFO] HTTP Request: POST https://api.telegram.org/bot7805771710:AAEh9ochNt2PdQ7RJDHs9xPDF54au7-DdPA/sendMessage "HTTP/1.1 200 OK"
2025-11-24 20:29:56,853 [INFO] HTTP Request: POST https://api.telegram.org/bot7805771710:AAEh9ochNt2PdQ7RJDHs9xPDF54au7-DdPA/getUpdates "HTTP/1.1 200 OK"
2025-11-24 20:30:06,897 [INFO] HTTP Request: POST https://api.telegram.org/bot7805771710:AAEh9ochNt2PdQ7RJDHs9xPDF54au7-DdPA/getUpdates "HTTP/1.1 200 OK"
2025-11-24 20:30:16,944 [INFO] HTTP Request: POST https://api.telegram.org/bot7805771710:AAEh9ochNt2PdQ7RJDHs9xPDF54au7-DdPA/getUpdates "HTTP/1.1 200 OK"
2025-11-24 20:30:26,989 [INFO] HTTP Request: POST https://api.telegram.org/bot7805771710:AAEh9ochNt2PdQ7RJDHs9xPDF54au7-DdPA/getUpdates "HTTP/1.1 200 OK"
2025-11-24 20:30:37,036 [INFO] HTTP Request: POST https://api.telegram.org/bot7805771710:AAEh9ochNt2PdQ7RJDHs9xPDF54au7-DdPA/getUpdates "HTTP/1.1 200 OK"
2025-11-24 20:30:47,089 [INFO] HTTP Request: POST https://api.telegram.org/bot7805771710:AAEh9ochNt2PdQ7RJDHs9xPDF54au7-DdPA/getUpdates "HTTP/1.1 200 OK"
2025-11-24 20:30:57,134 [INFO] HTTP Request: POST https://api.telegram.org/bot7805771710:AAEh9ochNt2PdQ7RJDHs9xPDF54au7-DdPA/getUpdates "HTTP/1.1 200 OK"
2025-11-24 20:31:07,181 [INFO] HTTP Request: POST https://api.telegram.org/bot7805771710:AAEh9ochNt2PdQ7RJDHs9xPDF54au7-DdPA/getUpdates "HTTP/1.1 200 OK"
2025-11-24 20:31:17,223 [INFO] HTTP Request: POST https://api.telegram.org/bot7805771710:AAEh9ochNt2PdQ7RJDHs9xPDF54au7-DdPA/getUpdates "HTTP/1.1 200 OK"
2025-11-24 20:31:27,267 [INFO] HTTP Request: POST https://api.telegram.org/bot7805771710:AAEh9ochNt2PdQ7RJDHs9xPDF54au7-DdPA/getUpdates "HTTP/1.1 200 OK"
2025-11-24 20:31:37,308 [INFO] HTTP Request: POST https://api.telegram.org/bot7805771710:AAEh9ochNt2PdQ7RJDHs9xPDF54au7-DdPA/getUpdates "HTTP/1.1 200 OK"
2025-11-24 20:31:47,350 [INFO] HTTP Request: POST https://api.telegram.org/bot7805771710:AAEh9ochNt2PdQ7RJDHs9xPDF54au7-DdPA/getUpdates "HTTP/1.1 200 OK"
2025-11-24 20:31:57,393 [INFO] HTTP Request: POST https://api.telegram.org/bot7805771710:AAEh9ochNt2PdQ7RJDHs9xPDF54au7-DdPA/getUpdates "HTTP/1.1 200 OK"
2025-11-24 20:32:07,436 [INFO] HTTP Request: POST https://api.telegram.org/bot7805771710:AAEh9ochNt2PdQ7RJDHs9xPDF54au7-DdPA/getUpdates "HTTP/1.1 200 OK"
2025-11-24 20:32:17,478 [INFO] HTTP Request: POST https://api.telegram.org/bot7805771710:AAEh9ochNt2PdQ7RJDHs9xPDF54au7-DdPA/getUpdates "HTTP/1.1 200 OK"
2025-11-24 20:32:27,522 [INFO] HTTP Request: POST https://api.telegram.org/bot7805771710:AAEh9ochNt2PdQ7RJDHs9xPDF54au7-DdPA/getUpdates "HTTP/1.1 200 OK"
2025-11-24 20:32:37,568 [INFO] HTTP Request: POST https://api.telegram.org/bot7805771710:AAEh9ochNt2PdQ7RJDHs9xPDF54au7-DdPA/getUpdates "HTTP/1.1 200 OK"
2025-11-24 20:32:47,621 [INFO] HTTP Request: POST https://api.telegram.org/bot7805771710:AAEh9ochNt2PdQ7RJDHs9xPDF54au7-DdPA/getUpdates "HTTP/1.1 200 OK"
2025-11-24 20:32:57,669 [INFO] HTTP Request: POST https://api.telegram.org/bot7805771710:AAEh9ochNt2PdQ7RJDHs9xPDF54au7-DdPA/getUpdates "HTTP/1.1 200 OK"
2025-11-24 20:33:07,716 [INFO] HTTP Request: POST https://api.telegram.org/bot7805771710:AAEh9ochNt2PdQ7RJDHs9xPDF54au7-DdPA/getUpdates "HTTP/1.1 200 OK"
2025-11-24 20:33:17,765 [INFO] HTTP Request: POST https://api.telegram.org/bot7805771710:AAEh9ochNt2PdQ7RJDHs9xPDF54au7-DdPA/getUpdates "HTTP/1.1 200 OK"
2025-11-24 20:33:27,808 [INFO] HTTP Request: POST https://api.telegram.org/bot7805771710:AAEh9ochNt2PdQ7RJDHs9xPDF54au7-DdPA/getUpdates "HTTP/1.1 200 OK"
2025-11-24 20:33:37,852 [INFO] HTTP Request: POST https://api.telegram.org/bot7805771710:AAEh9ochNt2PdQ7RJDHs9xPDF54au7-DdPA/getUpdates "HTTP/1.1 200 OK"
2025-11-24 20:33:47,895 [INFO] HTTP Request: POST https://api.telegram.org/bot7805771710:AAEh9ochNt2PdQ7RJDHs9xPDF54au7-DdPA/getUpdates "HTTP/1.1 200 OK"
2025-11-24 20:33:57,939 [INFO] HTTP Request: POST https://api.telegram.org/bot7805771710:AAEh9ochNt2PdQ7RJDHs9xPDF54au7-DdPA/getUpdates "HTTP/1.1 200 OK"
2025-11-24 20:34:07,984 [INFO] HTTP Request: POST https://api.telegram.org/bot7805771710:AAEh9ochNt2PdQ7RJDHs9xPDF54au7-DdPA/getUpdates "HTTP/1.1 200 OK"
2025-11-24 20:34:18,027 [INFO] HTTP Request: POST https://api.telegram.org/bot7805771710:AAEh9ochNt2PdQ7RJDHs9xPDF54au7-DdPA/getUpdates "HTTP/1.1 200 OK"
2025-11-24 20:34:28,071 [INFO] HTTP Request: POST https://api.telegram.org/bot7805771710:AAEh9ochNt2PdQ7RJDHs9xPDF54au7-DdPA/getUpdates "HTTP/1.1 200 OK"
2025-11-24 20:34:38,115 [INFO] HTTP Request: POST https://api.telegram.org/bot7805771710:AAEh9ochNt2PdQ7RJDHs9xPDF54au7-DdPA/getUpdates "HTTP/1.1 200 OK"
2025-11-24 20:34:48,164 [INFO] HTTP Request: POST https://api.telegram.org/bot7805771710:AAEh9ochNt2PdQ7RJDHs9xPDF54au7-DdPA/getUpdates "HTTP/1.1 200 OK"
2025-11-24 20:34:58,209 [INFO] HTTP Request: POST https://api.telegram.org/bot7805771710:AAEh9ochNt2PdQ7RJDHs9xPDF54au7-DdPA/getUpdates "HTTP/1.1 200 OK"
2025-11-24 20:35:08,255 [INFO] HTTP Request: POST https://api.telegram.org/bot7805771710:AAEh9ochNt2PdQ7RJDHs9xPDF54au7-DdPA/getUpdates "HTTP/1.1 200 OK"
2025-11-24 20:35:18,297 [INFO] HTTP Request: POST https://api.telegram.org/bot7805771710:AAEh9ochNt2PdQ7RJDHs9xPDF54au7-DdPA/getUpdates "HTTP/1.1 200 OK"
2025-11-24 20:35:28,347 [INFO] HTTP Request: POST https://api.telegram.org/bot7805771710:AAEh9ochNt2PdQ7RJDHs9xPDF54au7-DdPA/getUpdates "HTTP/1.1 200 OK"
2025-11-24 20:35:38,399 [INFO] HTTP Request: POST https://api.telegram.org/bot7805771710:AAEh9ochNt2PdQ7RJDHs9xPDF54au7-DdPA/getUpdates "HTTP/1.1 200 OK"
2025-11-24 20:35:48,445 [INFO] HTTP Request: POST https://api.telegram.org/bot7805771710:AAEh9ochNt2PdQ7RJDHs9xPDF54au7-DdPA/getUpdates "HTTP/1.1 200 OK"
2025-11-24 20:35:58,488 [INFO] HTTP Request: POST https://api.telegram.org/bot7805771710:AAEh9ochNt2PdQ7RJDHs9xPDF54au7-DdPA/getUpdates "HTTP/1.1 200 OK"
2025-11-24 20:36:08,531 [INFO] HTTP Request: POST https://api.telegram.org/bot7805771710:AAEh9ochNt2PdQ7RJDHs9xPDF54au7-DdPA/getUpdates "HTTP/1.1 200 OK"
2025-11-24 20:36:18,573 [INFO] HTTP Request: POST https://api.telegram.org/bot7805771710:AAEh9ochNt2PdQ7RJDHs9xPDF54au7-DdPA/getUpdates "HTTP/1.1 200 OK"
2025-11-24 20:36:28,615 [INFO] HTTP Request: POST https://api.telegram.org/bot7805771710:AAEh9ochNt2PdQ7RJDHs9xPDF54au7-DdPA/getUpdates "HTTP/1.1 200 OK"
2025-11-24 20:36:38,659 [INFO] HTTP Request: POST https://api.telegram.org/bot7805771710:AAEh9ochNt2PdQ7RJDHs9xPDF54au7-DdPA/getUpdates "HTTP/1.1 200 OK"
2025-11-24 20:36:48,701 [INFO] HTTP Request: POST https://api.telegram.org/bot7805771710:AAEh9ochNt2PdQ7RJDHs9xPDF54au7-DdPA/getUpdates "HTTP/1.1 200 OK"
2025-11-24 20:36:58,751 [INFO] HTTP Request: POST https://api.telegram.org/bot7805771710:AAEh9ochNt2PdQ7RJDHs9xPDF54au7-DdPA/getUpdates "HTTP/1.1 200 OK"
2025-11-24 20:37:08,792 [INFO] HTTP Request: POST https://api.telegram.org/bot7805771710:AAEh9ochNt2PdQ7RJDHs9xPDF54au7-DdPA/getUpdates "HTTP/1.1 200 OK"
2025-11-24 20:37:18,835 [INFO] HTTP Request: POST https://api.telegram.org/bot7805771710:AAEh9ochNt2PdQ7RJDHs9xPDF54au7-DdPA/getUpdates "HTTP/1.1 200 OK"
2025-11-24 20:37:28,879 [INFO] HTTP Request: POST https://api.telegram.org/bot7805771710:AAEh9ochNt2PdQ7RJDHs9xPDF54au7-DdPA/getUpdates "HTTP/1.1 200 OK"
2025-11-24 20:37:38,923 [INFO] HTTP Request: POST https://api.telegram.org/bot7805771710:AAEh9ochNt2PdQ7RJDHs9xPDF54au7-DdPA/getUpdates "HTTP/1.1 200 OK"
2025-11-24 20:37:48,971 [INFO] HTTP Request: POST https://api.telegram.org/bot7805771710:AAEh9ochNt2PdQ7RJDHs9xPDF54au7-DdPA/getUpdates "HTTP/1.1 200 OK"
2025-11-24 20:37:59,016 [INFO] HTTP Request: POST https://api.telegram.org/bot7805771710:AAEh9ochNt2PdQ7RJDHs9xPDF54au7-DdPA/getUpdates "HTTP/1.1 200 OK"
2025-11-24 20:38:09,062 [INFO] HTTP Request: POST https://api.telegram.org/bot7805771710:AAEh9ochNt2PdQ7RJDHs9xPDF54au7-DdPA/getUpdates "HTTP/1.1 200 OK"
2025-11-24 20:38:19,114 [INFO] HTTP Request: POST https://api.telegram.org/bot7805771710:AAEh9ochNt2PdQ7RJDHs9xPDF54au7-DdPA/getUpdates "HTTP/1.1 200 OK"
2025-11-24 20:38:29,158 [INFO] HTTP Request: POST https://api.telegram.org/bot7805771710:AAEh9ochNt2PdQ7RJDHs9xPDF54au7-DdPA/getUpdates "HTTP/1.1 200 OK"
2025-11-24 20:38:39,219 [INFO] HTTP Request: POST https://api.telegram.org/bot7805771710:AAEh9ochNt2PdQ7RJDHs9xPDF54au7-DdPA/getUpdates "HTTP/1.1 200 OK"
2025-11-24 20:38:49,263 [INFO] HTTP Request: POST https://api.telegram.org/bot7805771710:AAEh9ochNt2PdQ7RJDHs9xPDF54au7-DdPA/getUpdates "HTTP/1.1 200 OK"
2025-11-24 20:38:59,308 [INFO] HTTP Request: POST https://api.telegram.org/bot7805771710:AAEh9ochNt2PdQ7RJDHs9xPDF54au7-DdPA/getUpdates "HTTP/1.1 200 OK"
2025-11-24 20:39:09,353 [INFO] HTTP Request: POST https://api.telegram.org/bot7805771710:AAEh9ochNt2PdQ7RJDHs9xPDF54au7-DdPA/getUpdates "HTTP/1.1 200 OK"
2025-11-24 20:39:19,397 [INFO] HTTP Request: POST https://api.telegram.org/bot7805771710:AAEh9ochNt2PdQ7RJDHs9xPDF54au7-DdPA/getUpdates "HTTP/1.1 200 OK"
2025-11-24 20:39:29,442 [INFO] HTTP Request: POST https://api.telegram.org/bot7805771710:AAEh9ochNt2PdQ7RJDHs9xPDF54au7-DdPA/getUpdates "HTTP/1.1 200 OK"
2025-11-24 20:39:39,489 [INFO] HTTP Request: POST https://api.telegram.org/bot7805771710:AAEh9ochNt2PdQ7RJDHs9xPDF54au7-DdPA/getUpdates "HTTP/1.1 200 OK"
2025-11-24 20:39:49,539 [INFO] HTTP Request: POST https://api.telegram.org/bot7805771710:AAEh9ochNt2PdQ7RJDHs9xPDF54au7-DdPA/getUpdates "HTTP/1.1 200 OK"
2025-11-24 20:39:59,583 [INFO] HTTP Request: POST https://api.telegram.org/bot7805771710:AAEh9ochNt2PdQ7RJDHs9xPDF54au7-DdPA/getUpdates "HTTP/1.1 200 OK"
2025-11-24 20:40:09,630 [INFO] HTTP Request: POST https://api.telegram.org/bot7805771710:AAEh9ochNt2PdQ7RJDHs9xPDF54au7-DdPA/getUpdates "HTTP/1.1 200 OK"
2025-11-24 20:40:14,745 [INFO] HTTP Request: POST https://api.telegram.org/bot7805771710:AAEh9ochNt2PdQ7RJDHs9xPDF54au7-DdPA/getUpdates "HTTP/1.1 200 OK"
2025-11-24 20:40:14,746 [INFO] Application is stopping. This might take a moment.
2025-11-24 20:40:14,747 [INFO] Application.stop() complete
2025-11-24 20:46:20,595 [INFO] ✅ Connected to MySQL database: rdmotorsdb
2025-11-24 20:46:20,837 [INFO] 🚀 Bot started successfully!
2025-11-24 20:46:20,970 [INFO] HTTP Request: POST https://api.telegram.org/bot7805771710:AAEh9ochNt2PdQ7RJDHs9xPDF54au7-DdPA/getMe "HTTP/1.1 200 OK"
2025-11-24 20:46:21,006 [INFO] HTTP Request: POST https://api.telegram.org/bot7805771710:AAEh9ochNt2PdQ7RJDHs9xPDF54au7-DdPA/deleteWebhook "HTTP/1.1 200 OK"
2025-11-24 20:46:21,009 [INFO] Application started
2025-11-24 20:46:28,595 [INFO] HTTP Request: POST https://api.telegram.org/bot7805771710:AAEh9ochNt2PdQ7RJDHs9xPDF54au7-DdPA/getUpdates "HTTP/1.1 200 OK"
2025-11-24 20:46:28,774 [INFO] HTTP Request: POST https://api.telegram.org/bot7805771710:AAEh9ochNt2PdQ7RJDHs9xPDF54au7-DdPA/sendMessage "HTTP/1.1 200 OK"
2025-11-24 20:46:38,662 [INFO] HTTP Request: POST https://api.telegram.org/bot7805771710:AAEh9ochNt2PdQ7RJDHs9xPDF54au7-DdPA/getUpdates "HTTP/1.1 200 OK"
2025-11-24 20:46:48,712 [INFO] HTTP Request: POST https://api.telegram.org/bot7805771710:AAEh9ochNt2PdQ7RJDHs9xPDF54au7-DdPA/getUpdates "HTTP/1.1 200 OK"
2025-11-24 20:46:58,760 [INFO] HTTP Request: POST https://api.telegram.org/bot7805771710:AAEh9ochNt2PdQ7RJDHs9xPDF54au7-DdPA/getUpdates "HTTP/1.1 200 OK"
2025-11-24 20:47:08,804 [INFO] HTTP Request: POST https://api.telegram.org/bot7805771710:AAEh9ochNt2PdQ7RJDHs9xPDF54au7-DdPA/getUpdates "HTTP/1.1 200 OK"
2025-11-24 20:47:18,852 [INFO] HTTP Request: POST https://api.telegram.org/bot7805771710:AAEh9ochNt2PdQ7RJDHs9xPDF54au7-DdPA/getUpdates "HTTP/1.1 200 OK"
2025-11-24 20:47:28,899 [INFO] HTTP Request: POST https://api.telegram.org/bot7805771710:AAEh9ochNt2PdQ7RJDHs9xPDF54au7-DdPA/getUpdates "HTTP/1.1 200 OK"
2025-11-24 20:47:38,940 [INFO] HTTP Request: POST https://api.telegram.org/bot7805771710:AAEh9ochNt2PdQ7RJDHs9xPDF54au7-DdPA/getUpdates "HTTP/1.1 200 OK"
2025-11-24 20:47:48,983 [INFO] HTTP Request: POST https://api.telegram.org/bot7805771710:AAEh9ochNt2PdQ7RJDHs9xPDF54au7-DdPA/getUpdates "HTTP/1.1 200 OK"
2025-11-24 20:47:59,024 [INFO] HTTP Request: POST https://api.telegram.org/bot7805771710:AAEh9ochNt2PdQ7RJDHs9xPDF54au7-DdPA/getUpdates "HTTP/1.1 200 OK"
2025-11-24 20:48:09,067 [INFO] HTTP Request: POST https://api.telegram.org/bot7805771710:AAEh9ochNt2PdQ7RJDHs9xPDF54au7-DdPA/getUpdates "HTTP/1.1 200 OK"
2025-11-24 20:48:19,112 [INFO] HTTP Request: POST https://api.telegram.org/bot7805771710:AAEh9ochNt2PdQ7RJDHs9xPDF54au7-DdPA/getUpdates "HTTP/1.1 200 OK"
2025-11-24 20:48:29,155 [INFO] HTTP Request: POST https://api.telegram.org/bot7805771710:AAEh9ochNt2PdQ7RJDHs9xPDF54au7-DdPA/getUpdates "HTTP/1.1 200 OK"
2025-11-24 20:48:39,196 [INFO] HTTP Request: POST https://api.telegram.org/bot7805771710:AAEh9ochNt2PdQ7RJDHs9xPDF54au7-DdPA/getUpdates "HTTP/1.1 200 OK"
2025-11-24 20:48:49,239 [INFO] HTTP Request: POST https://api.telegram.org/bot7805771710:AAEh9ochNt2PdQ7RJDHs9xPDF54au7-DdPA/getUpdates "HTTP/1.1 200 OK"
2025-11-24 20:48:59,283 [INFO] HTTP Request: POST https://api.telegram.org/bot7805771710:AAEh9ochNt2PdQ7RJDHs9xPDF54au7-DdPA/getUpdates "HTTP/1.1 200 OK"
2025-11-24 20:49:09,326 [INFO] HTTP Request: POST https://api.telegram.org/bot7805771710:AAEh9ochNt2PdQ7RJDHs9xPDF54au7-DdPA/getUpdates "HTTP/1.1 200 OK"
2025-11-24 20:49:19,373 [INFO] HTTP Request: POST https://api.telegram.org/bot7805771710:AAEh9ochNt2PdQ7RJDHs9xPDF54au7-DdPA/getUpdates "HTTP/1.1 200 OK"
2025-11-24 20:49:29,420 [INFO] HTTP Request: POST https://api.telegram.org/bot7805771710:AAEh9ochNt2PdQ7RJDHs9xPDF54au7-DdPA/getUpdates "HTTP/1.1 200 OK"
2025-11-24 20:49:39,466 [INFO] HTTP Request: POST https://api.telegram.org/bot7805771710:AAEh9ochNt2PdQ7RJDHs9xPDF54au7-DdPA/getUpdates "HTTP/1.1 200 OK"
2025-11-24 20:49:49,508 [INFO] HTTP Request: POST https://api.telegram.org/bot7805771710:AAEh9ochNt2PdQ7RJDHs9xPDF54au7-DdPA/getUpdates "HTTP/1.1 200 OK"
2025-11-24 20:49:58,417 [INFO] HTTP Request: POST https://api.telegram.org/bot7805771710:AAEh9ochNt2PdQ7RJDHs9xPDF54au7-DdPA/getUpdates "HTTP/1.1 200 OK"
2025-11-24 20:49:58,419 [INFO] Application is stopping. This might take a moment.
2025-11-24 20:49:58,419 [INFO] Application.stop() complete
